<?xml version="1.0" encoding="UTF-8"?>
<!-- Generated by org.testng.reporters.JUnitXMLReporter -->
<testsuite ignored="5" hostname="LAPTOP-FL7DK08P" failures="0" tests="6" name="Surefire test" time="0.883" errors="0" timestamp="2023-08-18T21:45:05 IST">
  <testcase classname="com.qa.gorest.base.Basetest" name="@BeforeTest setUp" time="-1.692375304401E9">
    <failure type="org.testng.TestNGException" message="
Parameter &amp;apos;baseURI&amp;apos; is required by BeforeTest on method setUp but has not been marked @Optional or defined
">
      <![CDATA[org.testng.TestNGException: 
Parameter 'baseURI' is required by BeforeTest on method setUp but has not been marked @Optional or defined

... Removed 25 stack frames]]>
    </failure>
  </testcase> <!-- @BeforeTest setUp -->
  <testcase classname="com.qa.gorest.tests.amadeuAPITest" name="@BeforeMethod flightApiSteup" time="-1.692375304437E9">
    <skipped/>
  </testcase> <!-- @BeforeMethod flightApiSteup -->
  <testcase classname="com.qa.gorest.tests.CircuitTest" name="@BeforeMethod getUserSetup" time="-1.692375304463E9">
    <skipped/>
  </testcase> <!-- @BeforeMethod getUserSetup -->
  <testcase classname="com.qa.gorest.tests.GetUserTest" name="@BeforeMethod getUserSetup" time="-1.692375305133E9">
    <skipped/>
  </testcase> <!-- @BeforeMethod getUserSetup -->
  <testcase classname="com.qa.gorest.tests.GetUserTest" name="@BeforeMethod getUserSetup" time="-1.692375305141E9">
    <skipped/>
  </testcase> <!-- @BeforeMethod getUserSetup -->
  <testcase classname="com.qa.gorest.tests.ReqResAPITest" name="@BeforeMethod getUserSetup" time="-1.692375305147E9">
    <skipped/>
  </testcase> <!-- @BeforeMethod getUserSetup -->
  <testcase classname="com.qa.gorest.tests.amadeuAPITest" name="getFlightInfoTest" time="0.0">
    <skipped/>
  </testcase> <!-- getFlightInfoTest -->
  <testcase classname="com.qa.gorest.tests.CircuitTest" name="getCircuitTest" time="0.0">
    <skipped/>
  </testcase> <!-- getCircuitTest -->
  <testcase classname="com.qa.gorest.tests.CreateUserTest" name="getAllUserstest" time="0.0">
    <skipped/>
  </testcase> <!-- getAllUserstest -->
  <testcase classname="com.qa.gorest.tests.GetUserTest" name="getAllUsersTest" time="0.0">
    <skipped/>
  </testcase> <!-- getAllUsersTest -->
  <testcase classname="com.qa.gorest.tests.GetUserTest" name="getUserQueryParamsTest" time="0.0">
    <skipped/>
  </testcase> <!-- getUserQueryParamsTest -->
  <testcase classname="com.qa.gorest.tests.ReqResAPITest" name="getReqResUserAPiTest" time="0.0">
    <skipped/>
  </testcase> <!-- getReqResUserAPiTest -->
  <testcase classname="com.qa.gorest.base.Basetest" name="@BeforeTest setUp" time="0.0">
    <ignored/>
  </testcase> <!-- @BeforeTest setUp -->
  <testcase classname="com.qa.gorest.base.Basetest" name="@BeforeTest setUp" time="0.0">
    <ignored/>
  </testcase> <!-- @BeforeTest setUp -->
  <testcase classname="com.qa.gorest.base.Basetest" name="@BeforeTest setUp" time="0.0">
    <ignored/>
  </testcase> <!-- @BeforeTest setUp -->
  <testcase classname="com.qa.gorest.base.Basetest" name="@BeforeTest setUp" time="0.0">
    <ignored/>
  </testcase> <!-- @BeforeTest setUp -->
  <testcase classname="com.qa.gorest.tests.GetUserTest" name="getUserTest" time="0.0">
    <ignored/>
  </testcase> <!-- getUserTest -->
</testsuite> <!-- Surefire test -->
